2021-05-11 14:08:04 INFO  AnalyticsService.run(84) - Error while sending analyticsMessage to log-stash
java.net.UnknownHostException: javarush.ru
	at java.base/java.net.InetAddress$CachedAddresses.get(InetAddress.java:797)
	at java.base/java.net.InetAddress.getAllByName0(InetAddress.java:1505)
	at java.base/java.net.InetAddress.getAllByName(InetAddress.java:1364)
	at java.base/java.net.InetAddress.getAllByName(InetAddress.java:1298)
	at org.apache.http.impl.conn.SystemDefaultDnsResolver.resolve(SystemDefaultDnsResolver.java:45)
	at org.apache.http.impl.conn.DefaultHttpClientConnectionOperator.connect(DefaultHttpClientConnectionOperator.java:111)
	at org.apache.http.impl.conn.PoolingHttpClientConnectionManager.connect(PoolingHttpClientConnectionManager.java:353)
	at org.apache.http.impl.execchain.MainClientExec.establishRoute(MainClientExec.java:380)
	at org.apache.http.impl.execchain.MainClientExec.execute(MainClientExec.java:236)
	at org.apache.http.impl.execchain.ProtocolExec.execute(ProtocolExec.java:184)
	at org.apache.http.impl.execchain.RetryExec.execute(RetryExec.java:88)
	at org.apache.http.impl.execchain.RedirectExec.execute(RedirectExec.java:110)
	at org.apache.http.impl.client.InternalHttpClient.doExecute(InternalHttpClient.java:184)
	at org.apache.http.impl.client.CloseableHttpClient.execute(CloseableHttpClient.java:82)
	at org.apache.http.impl.client.CloseableHttpClient.execute(CloseableHttpClient.java:107)
	at com.homework.plugin.analytics.AnalyticsService$1.run(AnalyticsService.java:77)
	at java.base/java.util.concurrent.ThreadPoolExecutor.runWorker(ThreadPoolExecutor.java:1128)
	at java.base/java.util.concurrent.ThreadPoolExecutor$Worker.run(ThreadPoolExecutor.java:628)
	at java.base/java.lang.Thread.run(Thread.java:834)
2021-05-11 14:09:04 ERROR ApacheHttpClient.processExceptionSendEvent(110) - (super) : Error while sending the event to the server.
java.util.concurrent.ExecutionException: java.net.UnknownHostException: javarush.ru: Name or service not known
	at org.apache.http.concurrent.BasicFuture.getResult(BasicFuture.java:70)
	at org.apache.http.concurrent.BasicFuture.get(BasicFuture.java:80)
	at com.homework.plugin.client.ApacheHttpClient.getResponseCode(ApacheHttpClient.java:577)
	at com.homework.plugin.client.ApacheHttpClient.sendEvent(ApacheHttpClient.java:535)
	at com.homework.plugin.service.EventsService$1.run(EventsService.java:63)
	at java.base/java.util.concurrent.Executors$RunnableAdapter.call(Executors.java:515)
	at java.base/java.util.concurrent.FutureTask.runAndReset(FutureTask.java:305)
	at java.base/java.util.concurrent.ScheduledThreadPoolExecutor$ScheduledFutureTask.run(ScheduledThreadPoolExecutor.java:305)
	at java.base/java.util.concurrent.ThreadPoolExecutor.runWorker(ThreadPoolExecutor.java:1128)
	at java.base/java.util.concurrent.ThreadPoolExecutor$Worker.run(ThreadPoolExecutor.java:628)
	at java.base/java.lang.Thread.run(Thread.java:834)
Caused by: java.net.UnknownHostException: javarush.ru: Name or service not known
	at java.base/java.net.Inet6AddressImpl.lookupAllHostAddr(Native Method)
	at java.base/java.net.InetAddress$PlatformNameService.lookupAllHostAddr(InetAddress.java:929)
	at java.base/java.net.InetAddress.getAddressesFromNameService(InetAddress.java:1515)
	at java.base/java.net.InetAddress$NameServiceAddresses.get(InetAddress.java:848)
	at java.base/java.net.InetAddress.getAllByName0(InetAddress.java:1505)
	at java.base/java.net.InetAddress.getAllByName(InetAddress.java:1364)
	at java.base/java.net.InetAddress.getAllByName(InetAddress.java:1298)
	at org.apache.http.impl.conn.SystemDefaultDnsResolver.resolve(SystemDefaultDnsResolver.java:45)
	at org.apache.http.impl.nio.conn.PoolingNHttpClientConnectionManager$InternalAddressResolver.resolveRemoteAddress(PoolingNHttpClientConnectionManager.java:609)
	at org.apache.http.impl.nio.conn.PoolingNHttpClientConnectionManager$InternalAddressResolver.resolveRemoteAddress(PoolingNHttpClientConnectionManager.java:580)
	at org.apache.http.nio.pool.AbstractNIOConnPool.processPendingRequest(AbstractNIOConnPool.java:427)
	at org.apache.http.nio.pool.AbstractNIOConnPool.lease(AbstractNIOConnPool.java:276)
	at org.apache.http.impl.nio.conn.PoolingNHttpClientConnectionManager.requestConnection(PoolingNHttpClientConnectionManager.java:266)
	at org.apache.http.impl.nio.client.AbstractClientExchangeHandler.requestConnection(AbstractClientExchangeHandler.java:363)
	at org.apache.http.impl.nio.client.DefaultClientExchangeHandlerImpl.start(DefaultClientExchangeHandlerImpl.java:125)
	at org.apache.http.impl.nio.client.InternalHttpAsyncClient.execute(InternalHttpAsyncClient.java:141)
	at org.apache.http.impl.nio.client.CloseableHttpAsyncClient.execute(CloseableHttpAsyncClient.java:75)
	at org.apache.http.impl.nio.client.CloseableHttpAsyncClient.execute(CloseableHttpAsyncClient.java:108)
	at com.homework.plugin.client.ApacheHttpClient.sendEvent(ApacheHttpClient.java:534)
	... 7 more
2021-05-11 14:09:04 INFO  AnalyticsService.run(84) - Error while sending analyticsMessage to log-stash
java.net.UnknownHostException: javarush.ru
	at java.base/java.net.InetAddress$CachedAddresses.get(InetAddress.java:797)
	at java.base/java.net.InetAddress.getAllByName0(InetAddress.java:1505)
	at java.base/java.net.InetAddress.getAllByName(InetAddress.java:1364)
	at java.base/java.net.InetAddress.getAllByName(InetAddress.java:1298)
	at org.apache.http.impl.conn.SystemDefaultDnsResolver.resolve(SystemDefaultDnsResolver.java:45)
	at org.apache.http.impl.conn.DefaultHttpClientConnectionOperator.connect(DefaultHttpClientConnectionOperator.java:111)
	at org.apache.http.impl.conn.PoolingHttpClientConnectionManager.connect(PoolingHttpClientConnectionManager.java:353)
	at org.apache.http.impl.execchain.MainClientExec.establishRoute(MainClientExec.java:380)
	at org.apache.http.impl.execchain.MainClientExec.execute(MainClientExec.java:236)
	at org.apache.http.impl.execchain.ProtocolExec.execute(ProtocolExec.java:184)
	at org.apache.http.impl.execchain.RetryExec.execute(RetryExec.java:88)
	at org.apache.http.impl.execchain.RedirectExec.execute(RedirectExec.java:110)
	at org.apache.http.impl.client.InternalHttpClient.doExecute(InternalHttpClient.java:184)
	at org.apache.http.impl.client.CloseableHttpClient.execute(CloseableHttpClient.java:82)
	at org.apache.http.impl.client.CloseableHttpClient.execute(CloseableHttpClient.java:107)
	at com.homework.plugin.analytics.AnalyticsService$1.run(AnalyticsService.java:77)
	at java.base/java.util.concurrent.ThreadPoolExecutor.runWorker(ThreadPoolExecutor.java:1128)
	at java.base/java.util.concurrent.ThreadPoolExecutor$Worker.run(ThreadPoolExecutor.java:628)
	at java.base/java.lang.Thread.run(Thread.java:834)
2021-05-11 14:10:04 ERROR ApacheHttpClient.processExceptionSendEvent(110) - (super) : Error while sending the event to the server.
java.util.concurrent.ExecutionException: java.net.UnknownHostException: javarush.ru: Name or service not known
	at org.apache.http.concurrent.BasicFuture.getResult(BasicFuture.java:70)
	at org.apache.http.concurrent.BasicFuture.get(BasicFuture.java:80)
	at com.homework.plugin.client.ApacheHttpClient.getResponseCode(ApacheHttpClient.java:577)
	at com.homework.plugin.client.ApacheHttpClient.sendEvent(ApacheHttpClient.java:535)
	at com.homework.plugin.service.EventsService$1.run(EventsService.java:63)
	at java.base/java.util.concurrent.Executors$RunnableAdapter.call(Executors.java:515)
	at java.base/java.util.concurrent.FutureTask.runAndReset(FutureTask.java:305)
	at java.base/java.util.concurrent.ScheduledThreadPoolExecutor$ScheduledFutureTask.run(ScheduledThreadPoolExecutor.java:305)
	at java.base/java.util.concurrent.ThreadPoolExecutor.runWorker(ThreadPoolExecutor.java:1128)
	at java.base/java.util.concurrent.ThreadPoolExecutor$Worker.run(ThreadPoolExecutor.java:628)
	at java.base/java.lang.Thread.run(Thread.java:834)
Caused by: java.net.UnknownHostException: javarush.ru: Name or service not known
	at java.base/java.net.Inet6AddressImpl.lookupAllHostAddr(Native Method)
	at java.base/java.net.InetAddress$PlatformNameService.lookupAllHostAddr(InetAddress.java:929)
	at java.base/java.net.InetAddress.getAddressesFromNameService(InetAddress.java:1515)
	at java.base/java.net.InetAddress$NameServiceAddresses.get(InetAddress.java:848)
	at java.base/java.net.InetAddress.getAllByName0(InetAddress.java:1505)
	at java.base/java.net.InetAddress.getAllByName(InetAddress.java:1364)
	at java.base/java.net.InetAddress.getAllByName(InetAddress.java:1298)
	at org.apache.http.impl.conn.SystemDefaultDnsResolver.resolve(SystemDefaultDnsResolver.java:45)
	at org.apache.http.impl.nio.conn.PoolingNHttpClientConnectionManager$InternalAddressResolver.resolveRemoteAddress(PoolingNHttpClientConnectionManager.java:609)
	at org.apache.http.impl.nio.conn.PoolingNHttpClientConnectionManager$InternalAddressResolver.resolveRemoteAddress(PoolingNHttpClientConnectionManager.java:580)
	at org.apache.http.nio.pool.AbstractNIOConnPool.processPendingRequest(AbstractNIOConnPool.java:427)
	at org.apache.http.nio.pool.AbstractNIOConnPool.lease(AbstractNIOConnPool.java:276)
	at org.apache.http.impl.nio.conn.PoolingNHttpClientConnectionManager.requestConnection(PoolingNHttpClientConnectionManager.java:266)
	at org.apache.http.impl.nio.client.AbstractClientExchangeHandler.requestConnection(AbstractClientExchangeHandler.java:363)
	at org.apache.http.impl.nio.client.DefaultClientExchangeHandlerImpl.start(DefaultClientExchangeHandlerImpl.java:125)
	at org.apache.http.impl.nio.client.InternalHttpAsyncClient.execute(InternalHttpAsyncClient.java:141)
	at org.apache.http.impl.nio.client.CloseableHttpAsyncClient.execute(CloseableHttpAsyncClient.java:75)
	at org.apache.http.impl.nio.client.CloseableHttpAsyncClient.execute(CloseableHttpAsyncClient.java:108)
	at com.homework.plugin.client.ApacheHttpClient.sendEvent(ApacheHttpClient.java:534)
	... 7 more
2021-05-11 14:10:04 INFO  AnalyticsService.run(84) - Error while sending analyticsMessage to log-stash
java.net.UnknownHostException: javarush.ru
	at java.base/java.net.InetAddress$CachedAddresses.get(InetAddress.java:797)
	at java.base/java.net.InetAddress.getAllByName0(InetAddress.java:1505)
	at java.base/java.net.InetAddress.getAllByName(InetAddress.java:1364)
	at java.base/java.net.InetAddress.getAllByName(InetAddress.java:1298)
	at org.apache.http.impl.conn.SystemDefaultDnsResolver.resolve(SystemDefaultDnsResolver.java:45)
	at org.apache.http.impl.conn.DefaultHttpClientConnectionOperator.connect(DefaultHttpClientConnectionOperator.java:111)
	at org.apache.http.impl.conn.PoolingHttpClientConnectionManager.connect(PoolingHttpClientConnectionManager.java:353)
	at org.apache.http.impl.execchain.MainClientExec.establishRoute(MainClientExec.java:380)
	at org.apache.http.impl.execchain.MainClientExec.execute(MainClientExec.java:236)
	at org.apache.http.impl.execchain.ProtocolExec.execute(ProtocolExec.java:184)
	at org.apache.http.impl.execchain.RetryExec.execute(RetryExec.java:88)
	at org.apache.http.impl.execchain.RedirectExec.execute(RedirectExec.java:110)
	at org.apache.http.impl.client.InternalHttpClient.doExecute(InternalHttpClient.java:184)
	at org.apache.http.impl.client.CloseableHttpClient.execute(CloseableHttpClient.java:82)
	at org.apache.http.impl.client.CloseableHttpClient.execute(CloseableHttpClient.java:107)
	at com.homework.plugin.analytics.AnalyticsService$1.run(AnalyticsService.java:77)
	at java.base/java.util.concurrent.ThreadPoolExecutor.runWorker(ThreadPoolExecutor.java:1128)
	at java.base/java.util.concurrent.ThreadPoolExecutor$Worker.run(ThreadPoolExecutor.java:628)
	at java.base/java.lang.Thread.run(Thread.java:834)
2021-05-11 14:11:05 INFO  ApacheHttpClient.sendEvent(535) - responseCode = 200
2021-05-11 14:12:04 INFO  ApacheHttpClient.sendEvent(535) - responseCode = 200
2021-05-11 14:13:04 INFO  ApacheHttpClient.sendEvent(535) - responseCode = 200
2021-05-11 14:14:05 INFO  ApacheHttpClient.sendEvent(535) - responseCode = 200
2021-05-11 14:15:05 INFO  ApacheHttpClient.sendEvent(535) - responseCode = 200
2021-05-11 14:16:05 INFO  ApacheHttpClient.sendEvent(535) - responseCode = 200
2021-05-11 14:17:05 INFO  ApacheHttpClient.sendEvent(535) - responseCode = 200
2021-05-11 14:18:04 INFO  ApacheHttpClient.sendEvent(535) - responseCode = 200
2021-05-11 14:19:05 INFO  ApacheHttpClient.sendEvent(535) - responseCode = 200
2021-05-11 14:20:04 INFO  ApacheHttpClient.sendEvent(535) - responseCode = 200
2021-05-11 14:21:05 INFO  ApacheHttpClient.sendEvent(535) - responseCode = 200
2021-05-11 14:22:05 INFO  ApacheHttpClient.sendEvent(535) - responseCode = 200
2021-05-11 14:23:05 INFO  ApacheHttpClient.sendEvent(535) - responseCode = 200
2021-05-11 14:24:05 INFO  ApacheHttpClient.sendEvent(535) - responseCode = 200
2021-05-11 14:25:04 INFO  ApacheHttpClient.sendEvent(535) - responseCode = 200
2021-05-11 14:26:05 INFO  ApacheHttpClient.sendEvent(535) - responseCode = 200
2021-05-11 14:27:05 INFO  ApacheHttpClient.sendEvent(535) - responseCode = 200
2021-05-11 14:28:04 INFO  ApacheHttpClient.sendEvent(535) - responseCode = 200
2021-05-11 14:29:05 INFO  ApacheHttpClient.sendEvent(535) - responseCode = 200
2021-05-11 14:30:04 INFO  ApacheHttpClient.sendEvent(535) - responseCode = 200
2021-05-11 14:31:04 INFO  ApacheHttpClient.sendEvent(535) - responseCode = 200
2021-05-11 14:32:04 INFO  ApacheHttpClient.sendEvent(535) - responseCode = 200
2021-05-11 14:33:04 INFO  ApacheHttpClient.sendEvent(535) - responseCode = 200
2021-05-11 14:34:05 INFO  ApacheHttpClient.sendEvent(535) - responseCode = 200
2021-05-11 14:35:04 INFO  ApacheHttpClient.sendEvent(535) - responseCode = 200
2021-05-11 14:36:04 INFO  ApacheHttpClient.sendEvent(535) - responseCode = 200
2021-05-11 14:37:05 INFO  ApacheHttpClient.sendEvent(535) - responseCode = 200
2021-05-11 14:38:05 INFO  ApacheHttpClient.sendEvent(535) - responseCode = 200
2021-05-11 14:39:05 INFO  ApacheHttpClient.sendEvent(535) - responseCode = 200
2021-05-11 14:40:04 INFO  ApacheHttpClient.sendEvent(535) - responseCode = 200
2021-05-11 14:41:05 INFO  ApacheHttpClient.sendEvent(535) - responseCode = 200
2021-05-11 14:42:05 INFO  ApacheHttpClient.sendEvent(535) - responseCode = 200
2021-05-11 14:43:05 INFO  ApacheHttpClient.sendEvent(535) - responseCode = 200
2021-05-11 14:44:04 INFO  ApacheHttpClient.sendEvent(535) - responseCode = 200
2021-05-11 14:45:04 INFO  ApacheHttpClient.sendEvent(535) - responseCode = 200
2021-05-11 14:46:05 INFO  ApacheHttpClient.sendEvent(535) - responseCode = 200
2021-05-11 14:47:05 INFO  ApacheHttpClient.sendEvent(535) - responseCode = 200
2021-05-11 14:48:04 INFO  ApacheHttpClient.sendEvent(535) - responseCode = 200
2021-05-11 14:49:05 INFO  ApacheHttpClient.sendEvent(535) - responseCode = 200
2021-05-11 14:50:05 INFO  ApacheHttpClient.sendEvent(535) - responseCode = 200
2021-05-11 14:51:04 INFO  ApacheHttpClient.sendEvent(535) - responseCode = 200
2021-05-11 14:52:04 INFO  ApacheHttpClient.sendEvent(535) - responseCode = 200
2021-05-11 14:53:05 INFO  ApacheHttpClient.sendEvent(535) - responseCode = 200
2021-05-11 14:54:05 INFO  ApacheHttpClient.sendEvent(535) - responseCode = 200
2021-05-11 14:55:05 INFO  ApacheHttpClient.sendEvent(535) - responseCode = 200
2021-05-11 14:56:05 INFO  ApacheHttpClient.sendEvent(535) - responseCode = 200
2021-05-11 14:57:04 INFO  ApacheHttpClient.sendEvent(535) - responseCode = 200
2021-05-11 14:58:04 INFO  ApacheHttpClient.sendEvent(535) - responseCode = 200
2021-05-11 14:59:04 INFO  ApacheHttpClient.sendEvent(535) - responseCode = 200
2021-05-11 15:00:04 INFO  ApacheHttpClient.sendEvent(535) - responseCode = 200
2021-05-11 15:01:05 INFO  ApacheHttpClient.sendEvent(535) - responseCode = 200
2021-05-11 15:02:05 INFO  ApacheHttpClient.sendEvent(535) - responseCode = 200
2021-05-11 15:03:04 INFO  ApacheHttpClient.sendEvent(535) - responseCode = 200
2021-05-11 15:04:04 INFO  ApacheHttpClient.sendEvent(535) - responseCode = 200
2021-05-11 15:05:04 INFO  ApacheHttpClient.sendEvent(535) - responseCode = 200
2021-05-11 15:06:04 INFO  ApacheHttpClient.sendEvent(535) - responseCode = 200
2021-05-11 15:07:05 INFO  ApacheHttpClient.sendEvent(535) - responseCode = 200
2021-05-11 15:08:05 INFO  ApacheHttpClient.sendEvent(535) - responseCode = 200
2021-05-11 15:09:04 INFO  ApacheHttpClient.sendEvent(535) - responseCode = 200
2021-05-11 15:10:05 INFO  ApacheHttpClient.sendEvent(535) - responseCode = 200
2021-05-11 15:11:04 INFO  ApacheHttpClient.sendEvent(535) - responseCode = 200
2021-05-11 15:12:04 INFO  ApacheHttpClient.sendEvent(535) - responseCode = 200
2021-05-11 15:13:04 INFO  ApacheHttpClient.sendEvent(535) - responseCode = 200
2021-05-11 15:14:05 INFO  ApacheHttpClient.sendEvent(535) - responseCode = 200
2021-05-11 15:15:04 INFO  ApacheHttpClient.sendEvent(535) - responseCode = 200
2021-05-11 15:16:05 INFO  ApacheHttpClient.sendEvent(535) - responseCode = 200
2021-05-11 15:17:05 INFO  ApacheHttpClient.sendEvent(535) - responseCode = 200
2021-05-11 15:18:04 INFO  ApacheHttpClient.sendEvent(535) - responseCode = 200
2021-05-11 15:19:05 INFO  ApacheHttpClient.sendEvent(535) - responseCode = 200
2021-05-11 15:20:04 INFO  ApacheHttpClient.sendEvent(535) - responseCode = 200
2021-05-11 15:21:04 INFO  ApacheHttpClient.sendEvent(535) - responseCode = 200
2021-05-11 15:22:04 INFO  ApacheHttpClient.sendEvent(535) - responseCode = 200
2021-05-11 15:23:05 INFO  ApacheHttpClient.sendEvent(535) - responseCode = 200
2021-05-11 15:24:04 INFO  ApacheHttpClient.sendEvent(535) - responseCode = 200
2021-05-11 15:25:05 INFO  ApacheHttpClient.sendEvent(535) - responseCode = 200
2021-05-11 15:26:04 INFO  ApacheHttpClient.sendEvent(535) - responseCode = 200
2021-05-11 15:27:04 INFO  ApacheHttpClient.sendEvent(535) - responseCode = 200
2021-05-11 15:28:04 INFO  ApacheHttpClient.sendEvent(535) - responseCode = 200
2021-05-11 15:29:05 INFO  ApacheHttpClient.sendEvent(535) - responseCode = 200
2021-05-11 15:30:04 INFO  ApacheHttpClient.sendEvent(535) - responseCode = 200
2021-05-11 15:31:04 INFO  ApacheHttpClient.sendEvent(535) - responseCode = 200
2021-05-11 15:32:04 INFO  ApacheHttpClient.sendEvent(535) - responseCode = 200
2021-05-11 15:33:04 INFO  ApacheHttpClient.sendEvent(535) - responseCode = 200
2021-05-11 15:34:05 INFO  ApacheHttpClient.sendEvent(535) - responseCode = 200
2021-05-11 15:35:05 INFO  ApacheHttpClient.sendEvent(535) - responseCode = 200
2021-05-11 15:36:05 INFO  ApacheHttpClient.sendEvent(535) - responseCode = 200
2021-05-11 15:37:04 INFO  ApacheHttpClient.sendEvent(535) - responseCode = 200
2021-05-11 15:37:05 INFO  ApacheHttpClient.sendEvent(535) - responseCode = 200
2021-05-11 15:37:22 INFO  ApacheHttpClient.getWebResourceAsStream(502) - responseCode = 200
2021-05-11 15:37:23 INFO  ApacheHttpClient.getTask(488) - responseCode = 200
2021-05-11 15:37:25 INFO  ApacheHttpClient.completed(32) - responseCode = 200
2021-05-11 15:37:25 INFO  ApacheHttpClient.getTask(488) - responseCode = 200
2021-05-11 15:37:30 INFO  ApacheHttpClient.getWebResourceAsStream(502) - responseCode = 200
2021-05-11 15:37:30 WARN  PluginUtil.getCurrentTask(78) - Error while retrieving the task key.
java.lang.StringIndexOutOfBoundsException: String index out of range: -1
	at java.base/java.lang.String.substring(String.java:1837)
	at com.homework.plugin.PluginUtil.getCurrentVirtualFile(PluginUtil.java:158)
	at com.homework.plugin.PluginUtil.getCurrentTask(PluginUtil.java:69)
	at com.homework.plugin.button.CorrectSolutionButton.actionPerformed(CorrectSolutionButton.java:59)
	at com.intellij.openapi.actionSystem.ex.ActionUtil.performActionDumbAware(ActionUtil.java:281)
	at com.intellij.openapi.actionSystem.impl.ActionButton.actionPerformed(ActionButton.java:209)
	at com.intellij.openapi.actionSystem.impl.ActionButton.performAction(ActionButton.java:177)
	at com.intellij.openapi.actionSystem.impl.ActionButton.performAction(ActionButton.java:160)
	at com.intellij.openapi.actionSystem.impl.ActionButton.processMouseEvent(ActionButton.java:477)
	at java.desktop/java.awt.Component.processEvent(Component.java:6417)
	at java.desktop/java.awt.Container.processEvent(Container.java:2263)
	at java.desktop/java.awt.Component.dispatchEventImpl(Component.java:5027)
	at java.desktop/java.awt.Container.dispatchEventImpl(Container.java:2321)
	at java.desktop/java.awt.Component.dispatchEvent(Component.java:4859)
	at java.desktop/java.awt.LightweightDispatcher.retargetMouseEvent(Container.java:4918)
	at java.desktop/java.awt.LightweightDispatcher.processMouseEvent(Container.java:4547)
	at java.desktop/java.awt.LightweightDispatcher.dispatchEvent(Container.java:4488)
	at java.desktop/java.awt.Container.dispatchEventImpl(Container.java:2307)
	at java.desktop/java.awt.Window.dispatchEventImpl(Window.java:2780)
	at java.desktop/java.awt.Component.dispatchEvent(Component.java:4859)
	at java.desktop/java.awt.EventQueue.dispatchEventImpl(EventQueue.java:778)
	at java.desktop/java.awt.EventQueue$4.run(EventQueue.java:727)
	at java.desktop/java.awt.EventQueue$4.run(EventQueue.java:721)
	at java.base/java.security.AccessController.doPrivileged(Native Method)
	at java.base/java.security.ProtectionDomain$JavaSecurityAccessImpl.doIntersectionPrivilege(ProtectionDomain.java:85)
	at java.base/java.security.ProtectionDomain$JavaSecurityAccessImpl.doIntersectionPrivilege(ProtectionDomain.java:95)
	at java.desktop/java.awt.EventQueue$5.run(EventQueue.java:751)
	at java.desktop/java.awt.EventQueue$5.run(EventQueue.java:749)
	at java.base/java.security.AccessController.doPrivileged(Native Method)
	at java.base/java.security.ProtectionDomain$JavaSecurityAccessImpl.doIntersectionPrivilege(ProtectionDomain.java:85)
	at java.desktop/java.awt.EventQueue.dispatchEvent(EventQueue.java:748)
	at com.intellij.ide.IdeEventQueue.defaultDispatchEvent(IdeEventQueue.java:976)
	at com.intellij.ide.IdeEventQueue.dispatchMouseEvent(IdeEventQueue.java:911)
	at com.intellij.ide.IdeEventQueue._dispatchEvent(IdeEventQueue.java:840)
	at com.intellij.ide.IdeEventQueue.lambda$dispatchEvent$8(IdeEventQueue.java:454)
	at com.intellij.openapi.progress.impl.CoreProgressManager.computePrioritized(CoreProgressManager.java:773)
	at com.intellij.ide.IdeEventQueue.lambda$dispatchEvent$9(IdeEventQueue.java:453)
	at com.intellij.openapi.application.impl.ApplicationImpl.runIntendedWriteActionOnCurrentThread(ApplicationImpl.java:822)
	at com.intellij.ide.IdeEventQueue.dispatchEvent(IdeEventQueue.java:507)
	at java.desktop/java.awt.EventDispatchThread.pumpOneEventForFilters(EventDispatchThread.java:203)
	at java.desktop/java.awt.EventDispatchThread.pumpEventsForFilter(EventDispatchThread.java:124)
	at java.desktop/java.awt.EventDispatchThread.pumpEventsForHierarchy(EventDispatchThread.java:113)
	at java.desktop/java.awt.EventDispatchThread.pumpEvents(EventDispatchThread.java:109)
	at java.desktop/java.awt.EventDispatchThread.pumpEvents(EventDispatchThread.java:101)
	at java.desktop/java.awt.EventDispatchThread.run(EventDispatchThread.java:90)
2021-05-11 15:37:39 INFO  ApacheHttpClient.getWebResourceAsStream(502) - responseCode = 200
2021-05-11 15:37:39 INFO  ApacheHttpClient.getFilteredTasks(336) - responseCode = 200
2021-05-11 15:37:46 INFO  ApacheHttpClient.getTaskTemplateInfo(353) - responseCode = 200
2021-05-11 15:37:46 INFO  TaskInfoSelectorMouseListener.createDirectoryRecursive(77) - File created :/home/serg/IdeaProjects/JavaRushTasks/4.JavaCollections/src/com/javarush/task/task38/task3802
2021-05-11 15:37:46 INFO  ApacheHttpClient.getTask(488) - responseCode = 200
2021-05-11 15:38:04 INFO  ApacheHttpClient.sendEvent(535) - responseCode = 200
2021-05-11 15:39:05 INFO  ApacheHttpClient.sendEvent(535) - responseCode = 200
2021-05-11 15:40:04 INFO  ApacheHttpClient.sendEvent(535) - responseCode = 200
2021-05-11 15:41:04 INFO  ApacheHttpClient.sendEvent(535) - responseCode = 200
2021-05-11 15:42:05 INFO  ApacheHttpClient.sendEvent(535) - responseCode = 200
2021-05-11 15:43:04 INFO  ApacheHttpClient.sendEvent(535) - responseCode = 200
2021-05-11 15:44:04 INFO  ApacheHttpClient.sendEvent(535) - responseCode = 200
2021-05-11 15:45:04 INFO  ApacheHttpClient.sendEvent(535) - responseCode = 200
2021-05-11 15:46:04 INFO  ApacheHttpClient.sendEvent(535) - responseCode = 200
2021-05-11 15:47:05 INFO  ApacheHttpClient.sendEvent(535) - responseCode = 200
2021-05-11 15:48:05 INFO  ApacheHttpClient.sendEvent(535) - responseCode = 200
2021-05-11 15:49:05 INFO  ApacheHttpClient.sendEvent(535) - responseCode = 200
2021-05-11 15:50:05 INFO  ApacheHttpClient.sendEvent(535) - responseCode = 200
2021-05-11 15:51:05 INFO  ApacheHttpClient.sendEvent(535) - responseCode = 200
2021-05-11 15:52:05 INFO  ApacheHttpClient.sendEvent(535) - responseCode = 200
2021-05-11 15:53:05 INFO  ApacheHttpClient.sendEvent(535) - responseCode = 200
2021-05-11 15:54:04 INFO  ApacheHttpClient.sendEvent(535) - responseCode = 200
2021-05-11 15:55:04 INFO  ApacheHttpClient.sendEvent(535) - responseCode = 200
2021-05-11 15:56:04 INFO  ApacheHttpClient.sendEvent(535) - responseCode = 200
2021-05-11 15:57:04 INFO  ApacheHttpClient.sendEvent(535) - responseCode = 200
2021-05-11 15:58:03 INFO  ApacheHttpClient.getWebResourceAsStream(502) - responseCode = 200
2021-05-11 15:58:04 INFO  ApacheHttpClient.getTask(488) - responseCode = 200
2021-05-11 15:58:04 INFO  ApacheHttpClient.completed(32) - responseCode = 200
2021-05-11 15:58:04 INFO  ApacheHttpClient.sendEvent(535) - responseCode = 200
2021-05-11 15:59:05 INFO  ApacheHttpClient.sendEvent(535) - responseCode = 200
2021-05-11 16:00:04 INFO  ApacheHttpClient.sendEvent(535) - responseCode = 200
2021-05-11 16:01:04 INFO  ApacheHttpClient.sendEvent(535) - responseCode = 200
2021-05-11 16:02:05 INFO  ApacheHttpClient.sendEvent(535) - responseCode = 200
2021-05-11 16:03:04 INFO  ApacheHttpClient.sendEvent(535) - responseCode = 200
2021-05-11 16:04:05 INFO  ApacheHttpClient.sendEvent(535) - responseCode = 200
2021-05-11 16:05:05 INFO  ApacheHttpClient.sendEvent(535) - responseCode = 200
2021-05-11 16:06:04 INFO  ApacheHttpClient.sendEvent(535) - responseCode = 200
2021-05-11 16:07:04 INFO  ApacheHttpClient.sendEvent(535) - responseCode = 200
2021-05-11 16:08:05 INFO  ApacheHttpClient.sendEvent(535) - responseCode = 200
2021-05-11 16:09:05 INFO  ApacheHttpClient.sendEvent(535) - responseCode = 200
2021-05-11 16:10:05 INFO  ApacheHttpClient.sendEvent(535) - responseCode = 200
2021-05-11 16:11:05 INFO  ApacheHttpClient.sendEvent(535) - responseCode = 200
2021-05-11 16:12:05 INFO  ApacheHttpClient.sendEvent(535) - responseCode = 200
2021-05-11 16:12:23 INFO  ApacheHttpClient.getWebResourceAsStream(502) - responseCode = 200
2021-05-11 16:12:24 INFO  ApacheHttpClient.getTask(488) - responseCode = 200
2021-05-11 16:12:25 INFO  ApacheHttpClient.completed(32) - responseCode = 200
2021-05-11 16:12:26 INFO  ApacheHttpClient.getTask(488) - responseCode = 200
2021-05-11 16:13:40 INFO  ApacheHttpClient.getWebResourceAsStream(502) - responseCode = 200
2021-05-11 16:14:05 INFO  ApacheHttpClient.sendEvent(535) - responseCode = 200
2021-05-11 16:14:08 INFO  ApacheHttpClient.getWebResourceAsStream(502) - responseCode = 200
2021-05-11 16:14:09 INFO  ApacheHttpClient.getFilteredTasks(336) - responseCode = 200
2021-05-11 16:14:11 INFO  ApacheHttpClient.getTaskTemplateInfo(353) - responseCode = 200
2021-05-11 16:14:11 INFO  TaskInfoSelectorMouseListener.createDirectoryRecursive(77) - File created :/home/serg/IdeaProjects/JavaRushTasks/4.JavaCollections/src/com/javarush/task/task38/task3803
2021-05-11 16:15:04 INFO  ApacheHttpClient.sendEvent(535) - responseCode = 200
2021-05-11 16:16:04 INFO  ApacheHttpClient.sendEvent(535) - responseCode = 200
2021-05-11 16:17:04 INFO  ApacheHttpClient.sendEvent(535) - responseCode = 200
2021-05-11 16:18:04 INFO  ApacheHttpClient.sendEvent(535) - responseCode = 200
2021-05-11 16:19:04 INFO  ApacheHttpClient.sendEvent(535) - responseCode = 200
2021-05-11 16:20:04 INFO  ApacheHttpClient.sendEvent(535) - responseCode = 200
2021-05-11 16:21:05 INFO  ApacheHttpClient.sendEvent(535) - responseCode = 200
2021-05-11 16:22:04 INFO  ApacheHttpClient.sendEvent(535) - responseCode = 200
2021-05-11 16:23:04 INFO  ApacheHttpClient.sendEvent(535) - responseCode = 200
2021-05-11 16:24:04 INFO  ApacheHttpClient.sendEvent(535) - responseCode = 200
2021-05-11 16:25:05 INFO  ApacheHttpClient.sendEvent(535) - responseCode = 200
2021-05-11 16:26:04 INFO  ApacheHttpClient.sendEvent(535) - responseCode = 200
2021-05-11 16:27:05 INFO  ApacheHttpClient.sendEvent(535) - responseCode = 200
2021-05-11 16:28:04 INFO  ApacheHttpClient.sendEvent(535) - responseCode = 200
2021-05-11 16:29:04 INFO  ApacheHttpClient.sendEvent(535) - responseCode = 200
2021-05-11 16:30:04 INFO  ApacheHttpClient.sendEvent(535) - responseCode = 200
2021-05-11 16:31:05 INFO  ApacheHttpClient.sendEvent(535) - responseCode = 200
2021-05-11 16:32:05 INFO  ApacheHttpClient.sendEvent(535) - responseCode = 200
2021-05-11 16:33:04 INFO  ApacheHttpClient.sendEvent(535) - responseCode = 200
2021-05-11 16:34:05 INFO  ApacheHttpClient.sendEvent(535) - responseCode = 200
2021-05-11 16:35:04 INFO  ApacheHttpClient.sendEvent(535) - responseCode = 200
2021-05-11 16:36:04 INFO  ApacheHttpClient.sendEvent(535) - responseCode = 200
2021-05-11 16:36:19 INFO  ApacheHttpClient.getWebResourceAsStream(502) - responseCode = 200
2021-05-11 16:36:20 INFO  ApacheHttpClient.getTask(488) - responseCode = 200
2021-05-11 16:36:21 INFO  ApacheHttpClient.completed(32) - responseCode = 200
2021-05-11 16:36:22 INFO  ApacheHttpClient.getTask(488) - responseCode = 200
2021-05-11 16:37:04 INFO  ApacheHttpClient.sendEvent(535) - responseCode = 200
2021-05-11 16:38:05 INFO  ApacheHttpClient.sendEvent(535) - responseCode = 200
2021-05-11 16:39:04 INFO  ApacheHttpClient.sendEvent(535) - responseCode = 200
2021-05-11 16:40:05 INFO  ApacheHttpClient.sendEvent(535) - responseCode = 200
2021-05-11 16:41:04 INFO  ApacheHttpClient.sendEvent(535) - responseCode = 200
2021-05-11 16:42:04 INFO  ApacheHttpClient.sendEvent(535) - responseCode = 200
2021-05-11 16:43:04 INFO  ApacheHttpClient.sendEvent(535) - responseCode = 200
2021-05-11 16:44:05 INFO  ApacheHttpClient.sendEvent(535) - responseCode = 200
2021-05-11 16:45:06 INFO  ApacheHttpClient.sendEvent(535) - responseCode = 200
2021-05-11 16:47:24 INFO  ProjectStartupHandler.runActivity(74) - ---------- Project opened ----------
2021-05-11 16:47:24 INFO  ProjectStartupHandler.runActivity(75) - ---------- Version 3.47 ----------

2021-05-11 16:47:24 INFO  ApacheHttpClient.isSessionAppropriateWithSecretKey(602) - Waiting for server response.
2021-05-11 16:47:24 INFO  ApacheHttpClient.isSessionAppropriateWithSecretKey(602) - Waiting for server response.
2021-05-11 16:47:25 INFO  ApacheHttpClient.refreshUserInfo(305) - responseCode = 200
2021-05-11 16:47:25 INFO  ApacheHttpClient.refreshUserInfo(311) - User information received.
2021-05-11 16:47:25 INFO  ApacheHttpClient.startGA(36) - GAService started.
2021-05-11 16:47:25 INFO  AbstractRestApiClient.startService(71) - EventsService started.
2021-05-11 16:47:51 INFO  ApacheHttpClient.getWebResourceAsStream(502) - responseCode = 200
2021-05-11 16:47:52 INFO  ApacheHttpClient.getFilteredTasks(336) - responseCode = 200
2021-05-11 16:48:25 INFO  ApacheHttpClient.sendEvent(535) - responseCode = 200
